<?xml version="1.0" encoding="UTF-8"?>
<testsuite xmlns:xsi="http://www.w3.org/2001/XMLSchema-instance" xsi:noNamespaceSchemaLocation="https://maven.apache.org/surefire/maven-surefire-plugin/xsd/surefire-test-report-3.0.xsd" version="3.0" name="pruebasUnitariasArreglos" time="0.112" tests="6" errors="0" skipped="0" failures="0">
  <properties>
[...]
</properties>
  <testcase name="pruebaSuma1" classname="pruebasUnitariasArreglos" time="0.047"/>
  <testcase name="pruebaValoresAbsolutos" classname="pruebasUnitariasArreglos" time="0.004"/>
  <testcase name="pruebaPromedio" classname="pruebasUnitariasArreglos" time="0.003"/>
  <testcase name="pruebaContarMayoresQueLimite" classname="pruebasUnitariasArreglos" time="0.004"/>
  <testcase name="pruebaSuma2nulo" classname="pruebasUnitariasArreglos" time="0.004"/>
  <testcase name="pruebaInvertirArreglo" classname="pruebasUnitariasArreglos" time="0.002"/>
</testsuite>